#
# There is insufficient memory for the Java Runtime Environment to continue.
# Native memory allocation (mmap) failed to map 536870912 bytes for G1 virtual space
# Possible reasons:
#   The system is out of physical RAM or swap space
#   The process is running with CompressedOops enabled, and the Java Heap may be blocking the growth of the native heap
# Possible solutions:
#   Reduce memory load on the system
#   Increase physical memory or swap space
#   Check if swap backing store is full
#   Decrease Java heap size (-Xmx/-Xms)
#   Decrease number of Java threads
#   Decrease Java thread stack sizes (-Xss)
#   Set larger code cache with -XX:ReservedCodeCacheSize=
#   JVM is running with Zero Based Compressed Oops mode in which the Java heap is
#     placed in the first 32GB address space. The Java Heap base address is the
#     maximum limit for the native heap growth. Please use -XX:HeapBaseMinAddress
#     to set the Java Heap base and to place the Java Heap above 32GB virtual address.
# This output file may be truncated or incomplete.
#
#  Out of Memory Error (os_windows.cpp:3466), pid=10160, tid=17192
#
# JRE version:  (16.0.2+7) (build )
# Java VM: OpenJDK 64-Bit Server VM (16.0.2+7-67, mixed mode, sharing, tiered, compressed oops, compressed class ptrs, g1 gc, windows-amd64)
# No core dump will be written. Minidumps are not enabled by default on client versions of Windows
#

---------------  S U M M A R Y ------------

Command Line: -javaagent:C:\Program Files\JetBrains\IntelliJ IDEA Community Edition 2021.2.1\lib\idea_rt.jar=56465:C:\Program Files\JetBrains\IntelliJ IDEA Community Edition 2021.2.1\bin -Dfile.encoding=UTF-8 Main

Host: Intel(R) Core(TM) i5-10210U CPU @ 1.60GHz, 8 cores, 31G,  Windows 10 , 64 bit Build 22000 (10.0.22000.434)
Time: Fri Mar 11 19:01:18 2022 RTZ 3 (s 10 , 64 bit Build 22000 (10.0.22000.434) elapsed time: 0.020637 seconds (0d 0h 0m 0s)

---------------  T H R E A D  ---------------

Current thread (0x000001c2e677b530):  JavaThread "Unknown thread" [_thread_in_vm, id=17192, stack(0x0000000f11a00000,0x0000000f11b00000)]

Stack: [0x0000000f11a00000,0x0000000f11b00000]
Native frames: (J=compiled Java code, j=interpreted, Vv=VM code, C=native code)
V  [jvm.dll+0x6681ca]
V  [jvm.dll+0x7c9e69]
V  [jvm.dll+0x7cb61e]
V  [jvm.dll+0x7cbc73]
V  [jvm.dll+0x242c55]
V  [jvm.dll+0x664f89]
V  [jvm.dll+0x659b75]
V  [jvm.dll+0x2fbfbb]
V  [jvm.dll+0x3031b6]
V  [jvm.dll+0x35299e]
V  [jvm.dll+0x352bcf]
V  [jvm.dll+0x2d3028]
V  [jvm.dll+0x2d4264]
V  [jvm.dll+0x79c741]
V  [jvm.dll+0x360791]
V  [jvm.dll+0x77a3f0]
V  [jvm.dll+0x3e4e8f]
V  [jvm.dll+0x3e6961]
C  [jli.dll+0x52fb]
C  [ucrtbase.dll+0x26c0c]
C  [KERNEL32.DLL+0x154e0]
C  [ntdll.dll+0x485b]


---------------  P R O C E S S  ---------------

Threads class SMR info:
_java_thread_list=0x00007ffd4fb3cbb8, length=0, elements={
}

Java Threads: ( => current thread )

Other Threads:
  0x000001c2e67f19b0 GCTaskThread "GC Thread#0" [stack: 0x0000000f11b00000,0x0000000f11c00000] [id=11608]
  0x000001c2e68027c0 ConcurrentGCThread "G1 Main Marker" [stack: 0x0000000f11c00000,0x0000000f11d00000] [id=8128]
  0x000001c2e68038e0 ConcurrentGCThread "G1 Conc#0" [stack: 0x0000000f11d00000,0x0000000f11e00000] [id=7624]

[error occurred during error reporting (printing all threads), id 0xc0000005, EXCEPTION_ACCESS_VIOLATION (0xc0000005) at pc=0x00007ffd4f313ee7]

VM state: not at safepoint (not fully initialized)

VM Mutex/Monitor currently owned by a thread:  ([mutex/lock_event])
[0x000001c2e6776c90] Heap_lock - owner thread: 0x000001c2e677b530

Heap address: 0x0000000602800000, size: 8152 MB, Compressed Oops mode: Zero based, Oop shift amount: 3

CDS archive(s) mapped at: [0x0000000000000000-0x0000000000000000-0x0000000000000000), size 0, SharedBaseAddress: 0x0000000800000000, ArchiveRelocationMode: 0.
Narrow klass base: 0x0000000000000000, Narrow klass shift: 0, Narrow klass range: 0x0

GC Precious Log:
<Empty>

Heap:
 garbage-first heap   total 0K, used 0K [0x0000000602800000, 0x0000000800000000)
  region size 4096K, 0 young (0K), 0 survivors (0K)

[error occurred during error reporting (printing heap information), id 0xc0000005, EXCEPTION_ACCESS_VIOLATION (0xc0000005) at pc=0x00007ffd4f6f1eed]

GC Heap History (0 events):
No events

Deoptimization events (0 events):
No events

Classes unloaded (0 events):
No events

Classes redefined (0 events):
No events

Internal exceptions (0 events):
No events

Events (1 events):
Event: 0.010 Loaded shared library C:\Users\serg\.jdks\openjdk-16.0.2\bin\java.dll


Dynamic libraries:
0x00007ff6a0640000 - 0x00007ff6a064e000 	C:\Users\serg\.jdks\openjdk-16.0.2\bin\java.exe
0x00007ffdb3920000 - 0x00007ffdb3b29000 	C:\WINDOWS\SYSTEM32\ntdll.dll
0x00007ffdb26d0000 - 0x00007ffdb278d000 	C:\WINDOWS\System32\KERNEL32.DLL
0x00007ffdb11b0000 - 0x00007ffdb1524000 	C:\WINDOWS\System32\KERNELBASE.dll
0x00007ffdb1530000 - 0x00007ffdb1641000 	C:\WINDOWS\System32\ucrtbase.dll
0x00007ffd984c0000 - 0x00007ffd984d8000 	C:\Users\serg\.jdks\openjdk-16.0.2\bin\jli.dll
0x00007ffd99570000 - 0x00007ffd99589000 	C:\Users\serg\.jdks\openjdk-16.0.2\bin\VCRUNTIME140.dll
0x00007ffdb3570000 - 0x00007ffdb371c000 	C:\WINDOWS\System32\USER32.dll
0x00007ffdb0e10000 - 0x00007ffdb0e36000 	C:\WINDOWS\System32\win32u.dll
0x00007ffd93040000 - 0x00007ffd932e5000 	C:\WINDOWS\WinSxS\amd64_microsoft.windows.common-controls_6595b64144ccf1df_6.0.22000.120_none_9d947278b86cc467\COMCTL32.dll
0x00007ffdb2250000 - 0x00007ffdb22f3000 	C:\WINDOWS\System32\msvcrt.dll
0x00007ffdb2bf0000 - 0x00007ffdb2c19000 	C:\WINDOWS\System32\GDI32.dll
0x00007ffdb0f70000 - 0x00007ffdb1082000 	C:\WINDOWS\System32\gdi32full.dll
0x00007ffdb1110000 - 0x00007ffdb11ad000 	C:\WINDOWS\System32\msvcp_win.dll
0x00007ffdb2500000 - 0x00007ffdb2531000 	C:\WINDOWS\System32\IMM32.DLL
0x00007ffd99a60000 - 0x00007ffd99a6c000 	C:\Users\serg\.jdks\openjdk-16.0.2\bin\vcruntime140_1.dll
0x00007ffd904d0000 - 0x00007ffd90561000 	C:\Users\serg\.jdks\openjdk-16.0.2\bin\msvcp140.dll
0x00007ffd4f030000 - 0x00007ffd4fbdb000 	C:\Users\serg\.jdks\openjdk-16.0.2\bin\server\jvm.dll
0x00007ffdb3220000 - 0x00007ffdb32ce000 	C:\WINDOWS\System32\ADVAPI32.dll
0x00007ffdb2540000 - 0x00007ffdb25de000 	C:\WINDOWS\System32\sechost.dll
0x00007ffdb2c20000 - 0x00007ffdb2d40000 	C:\WINDOWS\System32\RPCRT4.dll
0x00007ffdb17d0000 - 0x00007ffdb17d8000 	C:\WINDOWS\System32\PSAPI.DLL
0x00007ffdae2f0000 - 0x00007ffdae2f9000 	C:\WINDOWS\SYSTEM32\WSOCK32.dll
0x00007ffd9d4e0000 - 0x00007ffd9d513000 	C:\WINDOWS\SYSTEM32\WINMM.dll
0x00007ffdb31b0000 - 0x00007ffdb321f000 	C:\WINDOWS\System32\WS2_32.dll
0x00007ffdabe90000 - 0x00007ffdabe9a000 	C:\WINDOWS\SYSTEM32\VERSION.dll
0x00007ffdb0000000 - 0x00007ffdb0018000 	C:\WINDOWS\SYSTEM32\kernel.appcore.dll
0x00007ffd984b0000 - 0x00007ffd984ba000 	C:\Users\serg\.jdks\openjdk-16.0.2\bin\jimage.dll
0x00007ffd8fc30000 - 0x00007ffd8fe51000 	C:\WINDOWS\SYSTEM32\DBGHELP.DLL
0x00007ffd8f9c0000 - 0x00007ffd8f9f1000 	C:\WINDOWS\SYSTEM32\dbgcore.DLL
0x00007ffdb1090000 - 0x00007ffdb110f000 	C:\WINDOWS\System32\bcryptPrimitives.dll
0x00007ffdae320000 - 0x00007ffdae32e000 	C:\Users\serg\.jdks\openjdk-16.0.2\bin\instrument.dll
0x00007ffd916e0000 - 0x00007ffd91705000 	C:\Users\serg\.jdks\openjdk-16.0.2\bin\java.dll

dbghelp: loaded successfully - version: 4.0.5 - missing functions: none
symbol engine: initialized successfully - sym options: 0x614 - pdb path: .;C:\Users\serg\.jdks\openjdk-16.0.2\bin;C:\WINDOWS\SYSTEM32;C:\WINDOWS\WinSxS\amd64_microsoft.windows.common-controls_6595b64144ccf1df_6.0.22000.120_none_9d947278b86cc467;C:\Users\serg\.jdks\openjdk-16.0.2\bin\server

VM Arguments:
jvm_args: -javaagent:C:\Program Files\JetBrains\IntelliJ IDEA Community Edition 2021.2.1\lib\idea_rt.jar=56465:C:\Program Files\JetBrains\IntelliJ IDEA Community Edition 2021.2.1\bin -Dfile.encoding=UTF-8 
java_command: Main
java_class_path (initial): S:\Work\ ванториум\develop\idea\out\production\kvantoriunIdea;C:\Program Files\JetBrains\IntelliJ IDEA Community Edition 2021.2.1\plugins\Kotlin\kotlinc\lib\kotlin-stdlib.jar;C:\Program Files\JetBrains\IntelliJ IDEA Community Edition 2021.2.1\plugins\Kotlin\kotlinc\lib\kotlin-reflect.jar;C:\Program Files\JetBrains\IntelliJ IDEA Community Edition 2021.2.1\plugins\Kotlin\kotlinc\lib\kotlin-test.jar
Launcher Type: SUN_STANDARD

[Global flags]
     intx CICompilerCount                          = 4                                         {product} {ergonomic}
     uint ConcGCThreads                            = 2                                         {product} {ergonomic}
     uint G1ConcRefinementThreads                  = 8                                         {product} {ergonomic}
   size_t G1HeapRegionSize                         = 4194304                                   {product} {ergonomic}
    uintx GCDrainStackTargetSize                   = 64                                        {product} {ergonomic}
   size_t InitialHeapSize                          = 536870912                                 {product} {ergonomic}
   size_t MarkStackSize                            = 4194304                                   {product} {ergonomic}
   size_t MaxHeapSize                              = 8547991552                                {product} {ergonomic}
   size_t MinHeapDeltaBytes                        = 4194304                                   {product} {ergonomic}
   size_t MinHeapSize                              = 8388608                                   {product} {ergonomic}
    uintx NonNMethodCodeHeapSize                   = 5839372                                {pd product} {ergonomic}
    uintx NonProfiledCodeHeapSize                  = 122909434                              {pd product} {ergonomic}
    uintx ProfiledCodeHeapSize                     = 122909434                              {pd product} {ergonomic}
    uintx ReservedCodeCacheSize                    = 251658240                              {pd product} {ergonomic}
     bool SegmentedCodeCache                       = true                                      {product} {ergonomic}
   size_t SoftMaxHeapSize                          = 8547991552                             {manageable} {ergonomic}
     bool UseCompressedClassPointers               = true                           {product lp64_product} {ergonomic}
     bool UseCompressedOops                        = true                           {product lp64_product} {ergonomic}
     bool UseG1GC                                  = true                                      {product} {ergonomic}
     bool UseLargePagesIndividualAllocation        = false                                  {pd product} {ergonomic}

Logging:
Log output configuration:
 #0: stdout all=warning uptime,level,tags
 #1: stderr all=off uptime,level,tags

Environment Variables:
JAVA_HOME=C:\Program Files\Java\jdk-16.0.1
PATH=C:\Program Files (x86)\Common Files\Intel\Shared Libraries\redist\intel64\compiler;C:\WINDOWS\system32;C:\WINDOWS;C:\WINDOWS\System32\Wbem;C:\WINDOWS\System32\WindowsPowerShell\v1.0\;C:\WINDOWS\System32\OpenSSH\;C:\Program Files\Git\cmd;C:\Users\serg\AppData\Local\Android\Sdk\platform-tools;C:\Users\serg\AppData\Local\Microsoft\WindowsApps;
USERNAME=serg
OS=Windows_NT
PROCESSOR_IDENTIFIER=Intel64 Family 6 Model 142 Stepping 12, GenuineIntel



---------------  S Y S T E M  ---------------

OS:
 Windows 10 , 64 bit Build 22000 (10.0.22000.434)
OS uptime: 1 days 9:48 hours

CPU: total 8 (initial active 8) (4 cores per cpu, 2 threads per core) family 6 model 142 stepping 12 microcode 0xea, cx8, cmov, fxsr, ht, mmx, 3dnowpref, sse, sse2, sse3, ssse3, sse4.1, sse4.2, popcnt, lzcnt, tsc, tscinvbit, avx, avx2, aes, erms, clmul, bmi1, bmi2, adx, fma, vzeroupper, clflush, clflushopt

Memory: 4k page, system-wide physical 32605M (3368M free)
TotalPageFile size 93540M (AvailPageFile size 99M)
current process WorkingSet (physical memory assigned to process): 10M, peak: 10M
current process commit charge ("private bytes"): 60M, peak: 572M

vm_info: OpenJDK 64-Bit Server VM (16.0.2+7-67) for windows-amd64 JRE (16.0.2+7-67), built on Jun  8 2021 23:21:43 by "mach5one" with MS VC++ 16.7 (VS2019)

END.
